\BOOKMARK [0][-]{chapter*.2}{\376\377\000I\000n\000t\000r\000o\000d\000u\000c\000t\000i\000o\000n}{}% 1
\BOOKMARK [0][-]{chapter.1}{\376\377\000A\000r\000c\000h\000i\000t\000e\000c\000t\000u\000r\000e}{}% 2
\BOOKMARK [1][-]{section.1.1}{\376\377\000B\000o\000b\000o\000x}{chapter.1}% 3
\BOOKMARK [1][-]{section.1.2}{\376\377\000B\000o\000b\000o\000l\000a\000n\000g}{chapter.1}% 4
\BOOKMARK [1][-]{section.1.3}{\376\377\000S\000Q\000L\000\040\000c\000o\000m\000p\000i\000l\000e\000r\000\040\000a\000r\000c\000h\000i\000t\000e\000c\000t\000u\000r\000e}{chapter.1}% 5
\BOOKMARK [0][-]{chapter.2}{\376\377\000R\000e\000l\000a\000t\000e\000d\000\040\000w\000o\000r\000k}{}% 6
\BOOKMARK [1][-]{section.2.1}{\376\377\000R\000e\000l\000a\000t\000i\000o\000n\000a\000l\000\040\000a\000l\000g\000e\000b\000r\000a}{chapter.2}% 7
\BOOKMARK [2][-]{subsection.2.1.1}{\376\377\000C\000l\000a\000s\000s\000i\000c\000a\000l\000\040\000r\000e\000l\000a\000t\000i\000o\000n\000a\000l\000\040\000a\000l\000g\000e\000b\000r\000a\000\040\000o\000p\000e\000r\000a\000t\000o\000r\000s}{section.2.1}% 8
\BOOKMARK [2][-]{subsection.2.1.2}{\376\377\000R\000e\000l\000a\000t\000i\000o\000n\000a\000l\000\040\000o\000p\000e\000r\000a\000t\000i\000o\000n\000s\000\040\000o\000n\000\040\000b\000a\000g\000s}{section.2.1}% 9
\BOOKMARK [2][-]{subsection.2.1.3}{\376\377\000E\000x\000t\000e\000n\000d\000e\000d\000\040\000o\000p\000e\000r\000a\000t\000o\000r\000s\000\040\000o\000f\000\040\000R\000e\000l\000a\000t\000i\000o\000n\000a\000l\000\040\000a\000l\000g\000e\000b\000r\000a}{section.2.1}% 10
\BOOKMARK [1][-]{section.2.2}{\376\377\000O\000p\000t\000i\000m\000i\000z\000a\000t\000i\000o\000n\000s\000\040\000o\000f\000\040\000r\000e\000l\000a\000t\000i\000o\000n\000a\000l\000\040\000a\000l\000g\000e\000b\000r\000a}{chapter.2}% 11
\BOOKMARK [2][-]{subsection.2.2.1}{\376\377\000C\000o\000m\000m\000u\000t\000a\000t\000i\000v\000e\000\040\000a\000n\000d\000\040\000a\000s\000s\000o\000c\000i\000a\000t\000i\000v\000e\000\040\000l\000a\000w\000s}{section.2.2}% 12
\BOOKMARK [2][-]{subsection.2.2.2}{\376\377\000L\000a\000w\000s\000\040\000i\000n\000v\000o\000l\000v\000i\000n\000g\000\040\000s\000e\000l\000e\000c\000t\000i\000o\000n}{section.2.2}% 13
\BOOKMARK [2][-]{subsection.2.2.3}{\376\377\000L\000a\000w\000s\000\040\000i\000n\000v\000o\000l\000v\000i\000n\000g\000\040\000p\000r\000o\000j\000e\000c\000t\000i\000o\000n}{section.2.2}% 14
\BOOKMARK [2][-]{subsection.2.2.4}{\376\377\000L\000a\000w\000s\000\040\000i\000n\000v\000o\000l\000v\000i\000n\000g\000\040\000j\000o\000i\000n\000s\000\040\000a\000n\000d\000\040\000p\000r\000o\000d\000u\000c\000t\000s}{section.2.2}% 15
\BOOKMARK [1][-]{section.2.3}{\376\377\000P\000h\000y\000s\000i\000c\000a\000l\000\040\000p\000l\000a\000n\000\040\000g\000e\000n\000e\000r\000a\000t\000i\000o\000n}{chapter.2}% 16
\BOOKMARK [2][-]{subsection.2.3.1}{\376\377\000S\000i\000z\000e\000\040\000e\000s\000t\000i\000m\000a\000t\000i\000o\000n\000s}{section.2.3}% 17
\BOOKMARK [2][-]{subsection.2.3.2}{\376\377\000E\000n\000u\000m\000e\000r\000a\000t\000i\000n\000g\000\040\000p\000l\000a\000n\000s}{section.2.3}% 18
\BOOKMARK [2][-]{subsection.2.3.3}{\376\377\000C\000h\000o\000o\000s\000i\000n\000g\000\040\000j\000o\000i\000n\000\040\000o\000r\000d\000e\000r}{section.2.3}% 19
\BOOKMARK [2][-]{subsection.2.3.4}{\376\377\000C\000h\000o\000o\000s\000i\000n\000g\000\040\000p\000h\000y\000s\000i\000c\000a\000l\000\040\000a\000l\000g\000o\000r\000i\000t\000h\000m\000s}{section.2.3}% 20
\BOOKMARK [0][-]{chapter.3}{\376\377\000A\000n\000a\000l\000y\000s\000i\000s}{}% 21
\BOOKMARK [1][-]{section.3.1}{\376\377\000F\000o\000r\000m\000a\000t\000\040\000o\000f\000\040\000r\000e\000l\000a\000t\000i\000o\000n\000a\000l\000\040\000a\000l\000g\000e\000b\000r\000a}{chapter.3}% 22
\BOOKMARK [1][-]{section.3.2}{\376\377\000P\000h\000y\000s\000i\000c\000a\000l\000\040\000a\000l\000g\000o\000r\000i\000t\000h\000m\000s}{chapter.3}% 23
\BOOKMARK [1][-]{section.3.3}{\376\377\000A\000r\000c\000h\000i\000t\000e\000c\000t\000u\000r\000e}{chapter.3}% 24
\BOOKMARK [1][-]{section.3.4}{\376\377\000D\000a\000t\000a\000\040\000s\000t\000r\000u\000c\000t\000u\000r\000e\000s}{chapter.3}% 25
\BOOKMARK [1][-]{section.3.5}{\376\377\000O\000p\000t\000i\000m\000i\000z\000a\000t\000i\000o\000n}{chapter.3}% 26
\BOOKMARK [1][-]{section.3.6}{\376\377\000G\000e\000n\000e\000r\000a\000t\000i\000n\000g\000\040\000p\000h\000y\000s\000i\000c\000a\000l\000\040\000p\000l\000a\000n}{chapter.3}% 27
\BOOKMARK [2][-]{subsection.3.6.1}{\376\377\000J\000o\000i\000n\000\040\000o\000r\000d\000e\000r\000\040\000s\000e\000l\000e\000c\000t\000i\000n\000g\000\040\000a\000l\000g\000o\000r\000i\000t\000h\000m}{section.3.6}% 28
\BOOKMARK [2][-]{subsection.3.6.2}{\376\377\000R\000e\000s\000o\000l\000v\000i\000n\000g\000\040\000s\000o\000r\000t\000\040\000p\000a\000r\000a\000m\000e\000t\000e\000r\000s}{section.3.6}% 29
\BOOKMARK [0][-]{chapter.4}{\376\377\000I\000m\000p\000l\000e\000m\000e\000n\000t\000a\000t\000i\000o\000n}{}% 30
\BOOKMARK [1][-]{section.4.1}{\376\377\000I\000n\000p\000u\000t}{chapter.4}% 31
\BOOKMARK [2][-]{subsection.4.1.1}{\376\377\000S\000o\000r\000t}{section.4.1}% 32
\BOOKMARK [2][-]{subsection.4.1.2}{\376\377\000G\000r\000o\000u\000p}{section.4.1}% 33
\BOOKMARK [2][-]{subsection.4.1.3}{\376\377\000S\000e\000l\000e\000c\000t\000i\000o\000n}{section.4.1}% 34
\BOOKMARK [2][-]{subsection.4.1.4}{\376\377\000J\000o\000i\000n}{section.4.1}% 35
\BOOKMARK [2][-]{subsection.4.1.5}{\376\377\000A\000n\000t\000i\000\040\000j\000o\000i\000n}{section.4.1}% 36
\BOOKMARK [2][-]{subsection.4.1.6}{\376\377\000T\000a\000b\000l\000e}{section.4.1}% 37
\BOOKMARK [2][-]{subsection.4.1.7}{\376\377\000U\000n\000i\000o\000n}{section.4.1}% 38
\BOOKMARK [2][-]{subsection.4.1.8}{\376\377\000E\000x\000t\000e\000n\000d\000e\000d\000\040\000p\000r\000o\000j\000e\000c\000t\000i\000o\000n}{section.4.1}% 39
\BOOKMARK [1][-]{section.4.2}{\376\377\000O\000u\000t\000p\000u\000t}{chapter.4}% 40
\BOOKMARK [2][-]{subsection.4.2.1}{\376\377\000F\000i\000l\000t\000e\000r\000s}{section.4.2}% 41
\BOOKMARK [2][-]{subsection.4.2.2}{\376\377\000G\000r\000o\000u\000p}{section.4.2}% 42
\BOOKMARK [2][-]{subsection.4.2.3}{\376\377\000C\000o\000l\000u\000m\000n\000\040\000o\000p\000e\000r\000a\000t\000i\000o\000n\000s}{section.4.2}% 43
\BOOKMARK [2][-]{subsection.4.2.4}{\376\377\000C\000r\000o\000s\000s\000\040\000j\000o\000i\000n}{section.4.2}% 44
\BOOKMARK [2][-]{subsection.4.2.5}{\376\377\000H\000a\000s\000h\000\040\000j\000o\000i\000n}{section.4.2}% 45
\BOOKMARK [2][-]{subsection.4.2.6}{\376\377\000M\000e\000r\000g\000e\000\040\000e\000q\000u\000i\000j\000o\000i\000n}{section.4.2}% 46
\BOOKMARK [2][-]{subsection.4.2.7}{\376\377\000M\000e\000r\000g\000e\000\040\000n\000o\000n\000\040\000e\000q\000u\000i\000j\000o\000i\000n}{section.4.2}% 47
\BOOKMARK [2][-]{subsection.4.2.8}{\376\377\000H\000a\000s\000h\000\040\000a\000n\000t\000i\000\040\000j\000o\000i\000n}{section.4.2}% 48
\BOOKMARK [2][-]{subsection.4.2.9}{\376\377\000M\000e\000r\000g\000e\000\040\000a\000n\000t\000i\000\040\000j\000o\000i\000n}{section.4.2}% 49
\BOOKMARK [2][-]{subsection.4.2.10}{\376\377\000T\000a\000b\000l\000e\000\040\000s\000c\000a\000n}{section.4.2}% 50
\BOOKMARK [2][-]{subsection.4.2.11}{\376\377\000S\000c\000a\000n\000\040\000A\000n\000d\000\040\000S\000o\000r\000t\000\040\000B\000y\000\040\000I\000n\000d\000e\000x}{section.4.2}% 51
\BOOKMARK [2][-]{subsection.4.2.12}{\376\377\000I\000n\000d\000e\000x\000\040\000S\000c\000a\000n}{section.4.2}% 52
\BOOKMARK [2][-]{subsection.4.2.13}{\376\377\000S\000o\000r\000t}{section.4.2}% 53
\BOOKMARK [2][-]{subsection.4.2.14}{\376\377\000U\000n\000i\000o\000n}{section.4.2}% 54
\BOOKMARK [0][-]{chapter*.39}{\376\377\000C\000o\000n\000c\000l\000u\000s\000i\000o\000n}{}% 55
\BOOKMARK [0][-]{chapter*.40}{\376\377\000B\000i\000b\000l\000i\000o\000g\000r\000a\000p\000h\000y}{}% 56
\BOOKMARK [0][-]{chapter*.41}{\376\377\000A\000t\000t\000a\000c\000h\000m\000e\000n\000t\000s}{}% 57
