Build started 27. 10. 2013 0:01:11.
     1>Project "C:\Users\maki\Documents\GitHub\RelationalQueryEvaluator\RelationalQueryEvaluator\RelationalQueryEvaluator.vcxproj" on node 2 (Build target(s)).
     1>InitializeBuildStatus:
         Creating "Debug\RelationalQueryEvaluator.unsuccessfulbuild" because "AlwaysCreate" was specified.
       ClCompile:
         C:\Program Files\Microsoft Visual Studio 11.0\VC\bin\CL.exe /c /ZI /nologo /W3 /WX- /sdl /Od /Oy- /D WIN32 /D _DEBUG /D _CONSOLE /D _UNICODE /D UNICODE /Gm /EHsc /RTC1 /MDd /GS /fp:precise /Zc:wchar_t /Zc:forScope /Fo"Debug\\" /Fd"Debug\vc110.pdb" /Gd /TP /analyze- /errorReport:prompt Algebra.cpp Main.cpp XmlHandler.cpp
         XmlHandler.cpp
         Main.cpp
         Algebra.cpp
         Generating Code...
       Link:
         C:\Program Files\Microsoft Visual Studio 11.0\VC\bin\link.exe /ERRORREPORT:PROMPT /OUT:"C:\Users\maki\Documents\GitHub\RelationalQueryEvaluator\Debug\RelationalQueryEvaluator.exe" /INCREMENTAL /NOLOGO /LIBPATH:"C:\Program Files\xerces-c-3.1.1-x86-windows-vc-10.0\lib" "xerces-c_3.lib" kernel32.lib user32.lib gdi32.lib winspool.lib comdlg32.lib advapi32.lib shell32.lib ole32.lib oleaut32.lib uuid.lib odbc32.lib odbccp32.lib kernel32.lib user32.lib gdi32.lib winspool.lib comdlg32.lib advapi32.lib shell32.lib ole32.lib oleaut32.lib uuid.lib odbc32.lib odbccp32.lib /MANIFEST /MANIFESTUAC:"level='asInvoker' uiAccess='false'" /manifest:embed /DEBUG /PDB:"C:\Users\maki\Documents\GitHub\RelationalQueryEvaluator\Debug\RelationalQueryEvaluator.pdb" /SUBSYSTEM:CONSOLE /TLBID:1 /DYNAMICBASE /NXCOMPAT /IMPLIB:"C:\Users\maki\Documents\GitHub\RelationalQueryEvaluator\Debug\RelationalQueryEvaluator.lib" /MACHINE:X86 Debug\Algebra.obj
         Debug\Main.obj
         Debug\XmlHandler.obj
         RelationalQueryEvaluator.vcxproj -> C:\Users\maki\Documents\GitHub\RelationalQueryEvaluator\Debug\RelationalQueryEvaluator.exe
       FinalizeBuildStatus:
         Deleting file "Debug\RelationalQueryEvaluator.unsuccessfulbuild".
         Touching "Debug\RelationalQueryEvaluator.lastbuildstate".
     1>Done Building Project "C:\Users\maki\Documents\GitHub\RelationalQueryEvaluator\RelationalQueryEvaluator\RelationalQueryEvaluator.vcxproj" (Build target(s)).

Build succeeded.

Time Elapsed 00:00:04.13
